app/build/intermediates/manifest_merge_blame_file/release/manifest-merger-blame-release-report.txt
1<?xml version="1.0" encoding="utf-8"?>
2<manifest xmlns:android="http://schemas.android.com/apk/res/android"
3    package="com.elmohandes.articlesapp"
4    android:versionCode="1"
5    android:versionName="1.0" >
6
7    <uses-sdk
8        android:minSdkVersion="21"
8-->src\main\AndroidManifest.xml
9        android:targetSdkVersion="31" />
9-->src\main\AndroidManifest.xml
10
11    <uses-permission android:name="android.permission.INTERNET" />
11-->src\main\AndroidManifest.xml:5:5-67
11-->src\main\AndroidManifest.xml:5:22-64
12    <uses-permission android:name="android.permission.ACCESS_NETWORK_STATE" />
12-->[com.google.android.gms:play-services-ads-lite:20.4.0] AndroidManifest.xml:24:5-79
12-->[com.google.android.gms:play-services-ads-lite:20.4.0] AndroidManifest.xml:24:22-76
13    <uses-permission android:name="com.google.android.gms.permission.AD_ID" /> <!-- Android package visibility setting -->
13-->[com.google.android.gms:play-services-ads-lite:20.4.0] AndroidManifest.xml:25:5-79
13-->[com.google.android.gms:play-services-ads-lite:20.4.0] AndroidManifest.xml:25:22-76
14    <queries>
14-->[com.google.android.gms:play-services-ads-lite:20.4.0] AndroidManifest.xml:28:5-44:15
15
16        <!-- For browser content -->
17        <intent>
17-->[com.google.android.gms:play-services-ads-lite:20.4.0] AndroidManifest.xml:31:9-37:18
18            <action android:name="android.intent.action.VIEW" />
18-->[com.google.android.gms:play-services-ads-lite:20.4.0] AndroidManifest.xml:32:13-65
18-->[com.google.android.gms:play-services-ads-lite:20.4.0] AndroidManifest.xml:32:21-62
19
20            <category android:name="android.intent.category.BROWSABLE" />
20-->[com.google.android.gms:play-services-ads-lite:20.4.0] AndroidManifest.xml:34:13-74
20-->[com.google.android.gms:play-services-ads-lite:20.4.0] AndroidManifest.xml:34:23-71
21
22            <data android:scheme="https" />
22-->[com.google.android.gms:play-services-ads-lite:20.4.0] AndroidManifest.xml:36:13-44
22-->[com.google.android.gms:play-services-ads-lite:20.4.0] AndroidManifest.xml:36:19-41
23        </intent>
24        <!-- End of browser content -->
25        <!-- For CustomTabsService -->
26        <intent>
26-->[com.google.android.gms:play-services-ads-lite:20.4.0] AndroidManifest.xml:40:9-42:18
27            <action android:name="android.support.customtabs.action.CustomTabsService" />
27-->[com.google.android.gms:play-services-ads-lite:20.4.0] AndroidManifest.xml:41:13-90
27-->[com.google.android.gms:play-services-ads-lite:20.4.0] AndroidManifest.xml:41:21-87
28        </intent>
29        <!-- End of CustomTabsService -->
30    </queries>
31
32    <uses-permission android:name="android.permission.WAKE_LOCK" />
32-->[com.google.android.gms:play-services-measurement-sdk-api:18.0.3] AndroidManifest.xml:25:5-68
32-->[com.google.android.gms:play-services-measurement-sdk-api:18.0.3] AndroidManifest.xml:25:22-65
33    <uses-permission android:name="android.permission.RECEIVE_BOOT_COMPLETED" />
33-->[androidx.work:work-runtime:2.1.0] AndroidManifest.xml:27:5-81
33-->[androidx.work:work-runtime:2.1.0] AndroidManifest.xml:27:22-78
34
35    <application
35-->src\main\AndroidManifest.xml:7:5-33:19
36        android:allowBackup="true"
36-->src\main\AndroidManifest.xml:8:9-35
37        android:appComponentFactory="androidx.core.app.CoreComponentFactory"
37-->[androidx.core:core:1.5.0] AndroidManifest.xml:24:18-86
38        android:icon="@mipmap/ic_app_icon"
38-->src\main\AndroidManifest.xml:9:9-43
39        android:label="@string/app_name"
39-->src\main\AndroidManifest.xml:10:9-41
40        android:roundIcon="@mipmap/ic_app_icon"
40-->src\main\AndroidManifest.xml:11:9-48
41        android:supportsRtl="true"
41-->src\main\AndroidManifest.xml:12:9-35
42        android:theme="@style/Theme.ArticlesApp" >
42-->src\main\AndroidManifest.xml:13:9-49
43        <activity
43-->src\main\AndroidManifest.xml:14:9-16:39
44            android:name="com.elmohandes.articlesapp.Activities.ListstackActivity"
44-->src\main\AndroidManifest.xml:15:13-57
45            android:exported="true" />
45-->src\main\AndroidManifest.xml:16:13-36
46        <activity
46-->src\main\AndroidManifest.xml:17:9-25:20
47            android:name="com.elmohandes.articlesapp.Activities.MainActivity"
47-->src\main\AndroidManifest.xml:18:13-52
48            android:exported="true" >
48-->src\main\AndroidManifest.xml:19:13-36
49            <intent-filter>
49-->src\main\AndroidManifest.xml:20:13-24:29
50                <action android:name="android.intent.action.MAIN" />
50-->src\main\AndroidManifest.xml:21:17-69
50-->src\main\AndroidManifest.xml:21:25-66
51
52                <category android:name="android.intent.category.LAUNCHER" />
52-->src\main\AndroidManifest.xml:23:17-77
52-->src\main\AndroidManifest.xml:23:27-74
53            </intent-filter>
54        </activity>
55
56        <!-- Sample AdMob app ID: ca-app-pub-3940256099942544~3347511713 -->
57        <meta-data
57-->src\main\AndroidManifest.xml:28:9-30:69
58            android:name="com.google.android.gms.ads.APPLICATION_ID"
58-->src\main\AndroidManifest.xml:29:13-69
59            android:value="ca-app-pub-5401550443462421~6570167884" />
59-->src\main\AndroidManifest.xml:30:13-67
60        <!-- my app id is ca-app-pub-5401550443462421~6570167884 -->
61
62        <provider
62-->[com.squareup.picasso:picasso:2.71828] AndroidManifest.xml:8:9-11:40
63            android:name="com.squareup.picasso.PicassoProvider"
63-->[com.squareup.picasso:picasso:2.71828] AndroidManifest.xml:9:13-64
64            android:authorities="com.elmohandes.articlesapp.com.squareup.picasso"
64-->[com.squareup.picasso:picasso:2.71828] AndroidManifest.xml:10:13-72
65            android:exported="false" /> <!-- Include the AdActivity and InAppPurchaseActivity configChanges and themes. -->
65-->[com.squareup.picasso:picasso:2.71828] AndroidManifest.xml:11:13-37
66        <activity
66-->[com.google.android.gms:play-services-ads-lite:20.4.0] AndroidManifest.xml:49:9-53:64
67            android:name="com.google.android.gms.ads.AdActivity"
67-->[com.google.android.gms:play-services-ads-lite:20.4.0] AndroidManifest.xml:50:13-65
68            android:configChanges="keyboard|keyboardHidden|orientation|screenLayout|uiMode|screenSize|smallestScreenSize"
68-->[com.google.android.gms:play-services-ads-lite:20.4.0] AndroidManifest.xml:51:13-122
69            android:exported="false"
69-->[com.google.android.gms:play-services-ads-lite:20.4.0] AndroidManifest.xml:52:13-37
70            android:theme="@android:style/Theme.Translucent" />
70-->[com.google.android.gms:play-services-ads-lite:20.4.0] AndroidManifest.xml:53:13-61
71
72        <provider
72-->[com.google.android.gms:play-services-ads-lite:20.4.0] AndroidManifest.xml:55:9-59:39
73            android:name="com.google.android.gms.ads.MobileAdsInitProvider"
73-->[com.google.android.gms:play-services-ads-lite:20.4.0] AndroidManifest.xml:56:13-76
74            android:authorities="com.elmohandes.articlesapp.mobileadsinitprovider"
74-->[com.google.android.gms:play-services-ads-lite:20.4.0] AndroidManifest.xml:57:13-73
75            android:exported="false"
75-->[com.google.android.gms:play-services-ads-lite:20.4.0] AndroidManifest.xml:58:13-37
76            android:initOrder="100" />
76-->[com.google.android.gms:play-services-ads-lite:20.4.0] AndroidManifest.xml:59:13-36
77
78        <service
78-->[com.google.android.gms:play-services-ads-lite:20.4.0] AndroidManifest.xml:61:9-64:40
79            android:name="com.google.android.gms.ads.AdService"
79-->[com.google.android.gms:play-services-ads-lite:20.4.0] AndroidManifest.xml:62:13-64
80            android:enabled="true"
80-->[com.google.android.gms:play-services-ads-lite:20.4.0] AndroidManifest.xml:63:13-35
81            android:exported="false" />
81-->[com.google.android.gms:play-services-ads-lite:20.4.0] AndroidManifest.xml:64:13-37
82
83        <meta-data
83-->[com.google.android.gms:play-services-basement:17.6.0] AndroidManifest.xml:23:9-25:69
84            android:name="com.google.android.gms.version"
84-->[com.google.android.gms:play-services-basement:17.6.0] AndroidManifest.xml:24:13-58
85            android:value="@integer/google_play_services_version" />
85-->[com.google.android.gms:play-services-basement:17.6.0] AndroidManifest.xml:25:13-66
86
87        <provider
87-->[androidx.work:work-runtime:2.1.0] AndroidManifest.xml:30:9-36:35
88            android:name="androidx.work.impl.WorkManagerInitializer"
88-->[androidx.work:work-runtime:2.1.0] AndroidManifest.xml:31:13-69
89            android:authorities="com.elmohandes.articlesapp.workmanager-init"
89-->[androidx.work:work-runtime:2.1.0] AndroidManifest.xml:32:13-68
90            android:directBootAware="false"
90-->[androidx.work:work-runtime:2.1.0] AndroidManifest.xml:33:13-44
91            android:exported="false"
91-->[androidx.work:work-runtime:2.1.0] AndroidManifest.xml:34:13-37
92            android:multiprocess="true" />
92-->[androidx.work:work-runtime:2.1.0] AndroidManifest.xml:35:13-40
93
94        <service
94-->[androidx.work:work-runtime:2.1.0] AndroidManifest.xml:38:9-43:35
95            android:name="androidx.work.impl.background.systemalarm.SystemAlarmService"
95-->[androidx.work:work-runtime:2.1.0] AndroidManifest.xml:39:13-88
96            android:directBootAware="false"
96-->[androidx.work:work-runtime:2.1.0] AndroidManifest.xml:40:13-44
97            android:enabled="@bool/enable_system_alarm_service_default"
97-->[androidx.work:work-runtime:2.1.0] AndroidManifest.xml:41:13-72
98            android:exported="false" />
98-->[androidx.work:work-runtime:2.1.0] AndroidManifest.xml:42:13-37
99        <service
99-->[androidx.work:work-runtime:2.1.0] AndroidManifest.xml:44:9-50:35
100            android:name="androidx.work.impl.background.systemjob.SystemJobService"
100-->[androidx.work:work-runtime:2.1.0] AndroidManifest.xml:45:13-84
101            android:directBootAware="false"
101-->[androidx.work:work-runtime:2.1.0] AndroidManifest.xml:46:13-44
102            android:enabled="@bool/enable_system_job_service_default"
102-->[androidx.work:work-runtime:2.1.0] AndroidManifest.xml:47:13-70
103            android:exported="true"
103-->[androidx.work:work-runtime:2.1.0] AndroidManifest.xml:48:13-36
104            android:permission="android.permission.BIND_JOB_SERVICE" />
104-->[androidx.work:work-runtime:2.1.0] AndroidManifest.xml:49:13-69
105
106        <receiver
106-->[androidx.work:work-runtime:2.1.0] AndroidManifest.xml:52:9-57:35
107            android:name="androidx.work.impl.utils.ForceStopRunnable$BroadcastReceiver"
107-->[androidx.work:work-runtime:2.1.0] AndroidManifest.xml:53:13-88
108            android:directBootAware="false"
108-->[androidx.work:work-runtime:2.1.0] AndroidManifest.xml:54:13-44
109            android:enabled="true"
109-->[androidx.work:work-runtime:2.1.0] AndroidManifest.xml:55:13-35
110            android:exported="false" />
110-->[androidx.work:work-runtime:2.1.0] AndroidManifest.xml:56:13-37
111        <receiver
111-->[androidx.work:work-runtime:2.1.0] AndroidManifest.xml:58:9-68:20
112            android:name="androidx.work.impl.background.systemalarm.ConstraintProxy$BatteryChargingProxy"
112-->[androidx.work:work-runtime:2.1.0] AndroidManifest.xml:59:13-106
113            android:directBootAware="false"
113-->[androidx.work:work-runtime:2.1.0] AndroidManifest.xml:60:13-44
114            android:enabled="false"
114-->[androidx.work:work-runtime:2.1.0] AndroidManifest.xml:61:13-36
115            android:exported="false" >
115-->[androidx.work:work-runtime:2.1.0] AndroidManifest.xml:62:13-37
116            <intent-filter>
116-->[androidx.work:work-runtime:2.1.0] AndroidManifest.xml:64:13-67:29
117                <action android:name="android.intent.action.ACTION_POWER_CONNECTED" />
117-->[androidx.work:work-runtime:2.1.0] AndroidManifest.xml:65:17-87
117-->[androidx.work:work-runtime:2.1.0] AndroidManifest.xml:65:25-84
118                <action android:name="android.intent.action.ACTION_POWER_DISCONNECTED" />
118-->[androidx.work:work-runtime:2.1.0] AndroidManifest.xml:66:17-90
118-->[androidx.work:work-runtime:2.1.0] AndroidManifest.xml:66:25-87
119            </intent-filter>
120        </receiver>
121        <receiver
121-->[androidx.work:work-runtime:2.1.0] AndroidManifest.xml:69:9-79:20
122            android:name="androidx.work.impl.background.systemalarm.ConstraintProxy$BatteryNotLowProxy"
122-->[androidx.work:work-runtime:2.1.0] AndroidManifest.xml:70:13-104
123            android:directBootAware="false"
123-->[androidx.work:work-runtime:2.1.0] AndroidManifest.xml:71:13-44
124            android:enabled="false"
124-->[androidx.work:work-runtime:2.1.0] AndroidManifest.xml:72:13-36
125            android:exported="false" >
125-->[androidx.work:work-runtime:2.1.0] AndroidManifest.xml:73:13-37
126            <intent-filter>
126-->[androidx.work:work-runtime:2.1.0] AndroidManifest.xml:75:13-78:29
127                <action android:name="android.intent.action.BATTERY_OKAY" />
127-->[androidx.work:work-runtime:2.1.0] AndroidManifest.xml:76:17-77
127-->[androidx.work:work-runtime:2.1.0] AndroidManifest.xml:76:25-74
128                <action android:name="android.intent.action.BATTERY_LOW" />
128-->[androidx.work:work-runtime:2.1.0] AndroidManifest.xml:77:17-76
128-->[androidx.work:work-runtime:2.1.0] AndroidManifest.xml:77:25-73
129            </intent-filter>
130        </receiver>
131        <receiver
131-->[androidx.work:work-runtime:2.1.0] AndroidManifest.xml:80:9-90:20
132            android:name="androidx.work.impl.background.systemalarm.ConstraintProxy$StorageNotLowProxy"
132-->[androidx.work:work-runtime:2.1.0] AndroidManifest.xml:81:13-104
133            android:directBootAware="false"
133-->[androidx.work:work-runtime:2.1.0] AndroidManifest.xml:82:13-44
134            android:enabled="false"
134-->[androidx.work:work-runtime:2.1.0] AndroidManifest.xml:83:13-36
135            android:exported="false" >
135-->[androidx.work:work-runtime:2.1.0] AndroidManifest.xml:84:13-37
136            <intent-filter>
136-->[androidx.work:work-runtime:2.1.0] AndroidManifest.xml:86:13-89:29
137                <action android:name="android.intent.action.DEVICE_STORAGE_LOW" />
137-->[androidx.work:work-runtime:2.1.0] AndroidManifest.xml:87:17-83
137-->[androidx.work:work-runtime:2.1.0] AndroidManifest.xml:87:25-80
138                <action android:name="android.intent.action.DEVICE_STORAGE_OK" />
138-->[androidx.work:work-runtime:2.1.0] AndroidManifest.xml:88:17-82
138-->[androidx.work:work-runtime:2.1.0] AndroidManifest.xml:88:25-79
139            </intent-filter>
140        </receiver>
141        <receiver
141-->[androidx.work:work-runtime:2.1.0] AndroidManifest.xml:91:9-100:20
142            android:name="androidx.work.impl.background.systemalarm.ConstraintProxy$NetworkStateProxy"
142-->[androidx.work:work-runtime:2.1.0] AndroidManifest.xml:92:13-103
143            android:directBootAware="false"
143-->[androidx.work:work-runtime:2.1.0] AndroidManifest.xml:93:13-44
144            android:enabled="false"
144-->[androidx.work:work-runtime:2.1.0] AndroidManifest.xml:94:13-36
145            android:exported="false" >
145-->[androidx.work:work-runtime:2.1.0] AndroidManifest.xml:95:13-37
146            <intent-filter>
146-->[androidx.work:work-runtime:2.1.0] AndroidManifest.xml:97:13-99:29
147                <action android:name="android.net.conn.CONNECTIVITY_CHANGE" />
147-->[androidx.work:work-runtime:2.1.0] AndroidManifest.xml:98:17-79
147-->[androidx.work:work-runtime:2.1.0] AndroidManifest.xml:98:25-76
148            </intent-filter>
149        </receiver>
150        <receiver
150-->[androidx.work:work-runtime:2.1.0] AndroidManifest.xml:101:9-112:20
151            android:name="androidx.work.impl.background.systemalarm.RescheduleReceiver"
151-->[androidx.work:work-runtime:2.1.0] AndroidManifest.xml:102:13-88
152            android:directBootAware="false"
152-->[androidx.work:work-runtime:2.1.0] AndroidManifest.xml:103:13-44
153            android:enabled="false"
153-->[androidx.work:work-runtime:2.1.0] AndroidManifest.xml:104:13-36
154            android:exported="false" >
154-->[androidx.work:work-runtime:2.1.0] AndroidManifest.xml:105:13-37
155            <intent-filter>
155-->[androidx.work:work-runtime:2.1.0] AndroidManifest.xml:107:13-111:29
156                <action android:name="android.intent.action.BOOT_COMPLETED" />
156-->[androidx.work:work-runtime:2.1.0] AndroidManifest.xml:108:17-79
156-->[androidx.work:work-runtime:2.1.0] AndroidManifest.xml:108:25-76
157                <action android:name="android.intent.action.TIME_SET" />
157-->[androidx.work:work-runtime:2.1.0] AndroidManifest.xml:109:17-73
157-->[androidx.work:work-runtime:2.1.0] AndroidManifest.xml:109:25-70
158                <action android:name="android.intent.action.TIMEZONE_CHANGED" />
158-->[androidx.work:work-runtime:2.1.0] AndroidManifest.xml:110:17-81
158-->[androidx.work:work-runtime:2.1.0] AndroidManifest.xml:110:25-78
159            </intent-filter>
160        </receiver>
161        <receiver
161-->[androidx.work:work-runtime:2.1.0] AndroidManifest.xml:113:9-122:20
162            android:name="androidx.work.impl.background.systemalarm.ConstraintProxyUpdateReceiver"
162-->[androidx.work:work-runtime:2.1.0] AndroidManifest.xml:114:13-99
163            android:directBootAware="false"
163-->[androidx.work:work-runtime:2.1.0] AndroidManifest.xml:115:13-44
164            android:enabled="@bool/enable_system_alarm_service_default"
164-->[androidx.work:work-runtime:2.1.0] AndroidManifest.xml:116:13-72
165            android:exported="false" >
165-->[androidx.work:work-runtime:2.1.0] AndroidManifest.xml:117:13-37
166            <intent-filter>
166-->[androidx.work:work-runtime:2.1.0] AndroidManifest.xml:119:13-121:29
167                <action android:name="androidx.work.impl.background.systemalarm.UpdateProxies" />
167-->[androidx.work:work-runtime:2.1.0] AndroidManifest.xml:120:17-98
167-->[androidx.work:work-runtime:2.1.0] AndroidManifest.xml:120:25-95
168            </intent-filter>
169        </receiver>
170
171        <service
171-->[androidx.room:room-runtime:2.1.0] AndroidManifest.xml:25:9-27:40
172            android:name="androidx.room.MultiInstanceInvalidationService"
172-->[androidx.room:room-runtime:2.1.0] AndroidManifest.xml:26:13-74
173            android:exported="false" />
173-->[androidx.room:room-runtime:2.1.0] AndroidManifest.xml:27:13-37
174    </application>
175
176</manifest>